<?xml version="1.0" encoding="UTF-8"?>
<!-- Generated by org.testng.reporters.JUnitXMLReporter -->
<testsuite ignored="0" hostname="DESKTOP-AMA4B8C" failures="0" tests="2" name="Error Validation Test" time="24.321" errors="0" timestamp="2025-02-25T17:41:01 IST">
  <testcase classname="rahulshettyacademy.tests.ErrorValidationsTest" name="loginErrorValidation" time="0.557"/>
  <testcase classname="rahulshettyacademy.tests.ErrorValidationsTest" name="productErrorValidation" time="13.541"/>
</testsuite> <!-- Error Validation Test -->
