<?xml version="1.0" encoding="UTF-8"?>
<testng-results ignored="0" total="5" passed="5" failed="0" skipped="0">
  <reporter-output>
  </reporter-output>
  <suite started-at="2025-02-25T17:40:36 IST" name="Suite" finished-at="2025-02-25T17:41:20 IST" duration-ms="43900">
    <groups>
      <group name="ErrorHandling">
        <method signature="ErrorValidationsTest.loginErrorValidation()[pri:0, instance:rahulshettyacademy.tests.ErrorValidationsTest@3e2055d6]" name="loginErrorValidation" class="rahulshettyacademy.tests.ErrorValidationsTest"/>
      </group> <!-- ErrorHandling -->
      <group name="Purchase">
        <method signature="SubmitOrderTest.submitOrder(java.util.HashMap)[pri:0, instance:rahulshettyacademy.tests.SubmitOrderTest@4d14b6c2]" name="submitOrder" class="rahulshettyacademy.tests.SubmitOrderTest"/>
      </group> <!-- Purchase -->
    </groups>
    <test started-at="2025-02-25T17:40:36 IST" name="Error Validation Test" finished-at="2025-02-25T17:41:00 IST" duration-ms="24321">
      <class name="rahulshettyacademy.tests.ErrorValidationsTest">
        <test-method is-config="true" signature="launchApplication()[pri:0, instance:rahulshettyacademy.tests.ErrorValidationsTest@3e2055d6]" started-at="2025-02-25T17:40:36 IST" name="launchApplication" finished-at="2025-02-25T17:40:41 IST" duration-ms="5639" status="PASS">
          <reporter-output>
          </reporter-output>
        </test-method> <!-- launchApplication -->
        <test-method signature="loginErrorValidation()[pri:0, instance:rahulshettyacademy.tests.ErrorValidationsTest@3e2055d6]" started-at="2025-02-25T17:40:41 IST" name="loginErrorValidation" finished-at="2025-02-25T17:40:42 IST" duration-ms="557" status="PASS">
          <reporter-output>
          </reporter-output>
        </test-method> <!-- loginErrorValidation -->
        <test-method is-config="true" signature="tearDown()[pri:0, instance:rahulshettyacademy.tests.ErrorValidationsTest@3e2055d6]" started-at="2025-02-25T17:40:42 IST" name="tearDown" finished-at="2025-02-25T17:40:42 IST" duration-ms="271" status="PASS">
          <reporter-output>
          </reporter-output>
        </test-method> <!-- tearDown -->
        <test-method is-config="true" signature="launchApplication()[pri:0, instance:rahulshettyacademy.tests.ErrorValidationsTest@3e2055d6]" started-at="2025-02-25T17:40:42 IST" name="launchApplication" finished-at="2025-02-25T17:40:46 IST" duration-ms="4126" status="PASS">
          <reporter-output>
          </reporter-output>
        </test-method> <!-- launchApplication -->
        <test-method signature="productErrorValidation()[pri:0, instance:rahulshettyacademy.tests.ErrorValidationsTest@3e2055d6]" started-at="2025-02-25T17:40:46 IST" name="productErrorValidation" finished-at="2025-02-25T17:41:00 IST" duration-ms="13541" status="PASS">
          <reporter-output>
          </reporter-output>
        </test-method> <!-- productErrorValidation -->
        <test-method is-config="true" signature="tearDown()[pri:0, instance:rahulshettyacademy.tests.ErrorValidationsTest@3e2055d6]" started-at="2025-02-25T17:41:00 IST" name="tearDown" finished-at="2025-02-25T17:41:00 IST" duration-ms="124" status="PASS">
          <reporter-output>
          </reporter-output>
        </test-method> <!-- tearDown -->
      </class> <!-- rahulshettyacademy.tests.ErrorValidationsTest -->
    </test> <!-- Error Validation Test -->
    <test started-at="2025-02-25T17:40:36 IST" name="Submit Order Test" finished-at="2025-02-25T17:41:20 IST" duration-ms="43900">
      <class name="rahulshettyacademy.tests.SubmitOrderTest">
        <test-method is-config="true" signature="launchApplication()[pri:0, instance:rahulshettyacademy.tests.SubmitOrderTest@4d14b6c2]" started-at="2025-02-25T17:40:36 IST" name="launchApplication" finished-at="2025-02-25T17:40:41 IST" duration-ms="4978" status="PASS">
          <reporter-output>
          </reporter-output>
        </test-method> <!-- launchApplication -->
        <test-method signature="submitOrder(java.util.HashMap)[pri:0, instance:rahulshettyacademy.tests.SubmitOrderTest@4d14b6c2]" started-at="2025-02-25T17:40:41 IST" name="submitOrder" data-provider="getData" finished-at="2025-02-25T17:40:56 IST" duration-ms="14574" status="PASS">
          <params>
            <param index="0">
              <value>
                <![CDATA[{password=Spr!ng21, product=ZARA COAT 3, email=kavita.bargale@gmail.com}]]>
              </value>
            </param>
          </params>
          <reporter-output>
          </reporter-output>
        </test-method> <!-- submitOrder -->
        <test-method is-config="true" signature="tearDown()[pri:0, instance:rahulshettyacademy.tests.SubmitOrderTest@4d14b6c2]" started-at="2025-02-25T17:40:56 IST" name="tearDown" finished-at="2025-02-25T17:40:56 IST" duration-ms="241" status="PASS">
          <reporter-output>
          </reporter-output>
        </test-method> <!-- tearDown -->
        <test-method is-config="true" signature="launchApplication()[pri:0, instance:rahulshettyacademy.tests.SubmitOrderTest@4d14b6c2]" started-at="2025-02-25T17:40:56 IST" name="launchApplication" finished-at="2025-02-25T17:41:00 IST" duration-ms="3791" status="PASS">
          <reporter-output>
          </reporter-output>
        </test-method> <!-- launchApplication -->
        <test-method signature="submitOrder(java.util.HashMap)[pri:0, instance:rahulshettyacademy.tests.SubmitOrderTest@4d14b6c2]" started-at="2025-02-25T17:41:00 IST" name="submitOrder" data-provider="getData" finished-at="2025-02-25T17:41:14 IST" duration-ms="14632" status="PASS">
          <params>
            <param index="0">
              <value>
                <![CDATA[{password=Iamking@000, product=ADIDAS ORIGINAL, email=rahulshetty@gmail.com}]]>
              </value>
            </param>
          </params>
          <reporter-output>
          </reporter-output>
        </test-method> <!-- submitOrder -->
        <test-method is-config="true" signature="tearDown()[pri:0, instance:rahulshettyacademy.tests.SubmitOrderTest@4d14b6c2]" started-at="2025-02-25T17:41:14 IST" name="tearDown" finished-at="2025-02-25T17:41:14 IST" duration-ms="54" status="PASS">
          <reporter-output>
          </reporter-output>
        </test-method> <!-- tearDown -->
        <test-method is-config="true" signature="launchApplication()[pri:0, instance:rahulshettyacademy.tests.SubmitOrderTest@4d14b6c2]" started-at="2025-02-25T17:41:14 IST" name="launchApplication" finished-at="2025-02-25T17:41:19 IST" duration-ms="4479" status="PASS">
          <reporter-output>
          </reporter-output>
        </test-method> <!-- launchApplication -->
        <test-method signature="OrderHistoryTest()[pri:0, instance:rahulshettyacademy.tests.SubmitOrderTest@4d14b6c2]" started-at="2025-02-25T17:41:19 IST" name="OrderHistoryTest" finished-at="2025-02-25T17:41:20 IST" depends-on-methods="rahulshettyacademy.tests.SubmitOrderTest.submitOrder" duration-ms="746" status="PASS">
          <reporter-output>
          </reporter-output>
        </test-method> <!-- OrderHistoryTest -->
        <test-method is-config="true" signature="tearDown()[pri:0, instance:rahulshettyacademy.tests.SubmitOrderTest@4d14b6c2]" started-at="2025-02-25T17:41:20 IST" name="tearDown" finished-at="2025-02-25T17:41:20 IST" duration-ms="52" status="PASS">
          <reporter-output>
          </reporter-output>
        </test-method> <!-- tearDown -->
      </class> <!-- rahulshettyacademy.tests.SubmitOrderTest -->
    </test> <!-- Submit Order Test -->
  </suite> <!-- Suite -->
</testng-results>
